<?xml version="1.0" encoding="UTF-8"?>
<testsuite xmlns:xsi="http://www.w3.org/2001/XMLSchema-instance" xsi:noNamespaceSchemaLocation="https://maven.apache.org/surefire/maven-surefire-plugin/xsd/surefire-test-report.xsd" version="3.0.2" name="com.futbol.app.FutbolApplicationTests" time="13.139" tests="1" errors="0" skipped="0" failures="0">
  <properties>
[...]
</properties>
  <testcase name="contextLoads" classname="com.futbol.app.FutbolApplicationTests" time="0.696">
    <system-out><![CDATA[17:55:06.942 [main] INFO org.springframework.test.context.support.AnnotationConfigContextLoaderUtils -- Could not detect default configuration classes for test class [com.futbol.app.FutbolApplicationTests]: FutbolApplicationTests does not declare any static, non-private, non-final, nested classes annotated with @Configuration.
17:55:07.233 [main] INFO org.springframework.boot.test.context.SpringBootTestContextBootstrapper -- Found @SpringBootConfiguration com.futbol.app.FutbolApplication for test class com.futbol.app.FutbolApplicationTests
17:55:07.650 [main] INFO org.springframework.boot.devtools.restart.RestartApplicationListener -- Restart disabled due to context in which it is running

  .   ____          _            __ _ _
 /\\ / ___'_ __ _ _(_)_ __  __ _ \ \ \ \
( ( )\___ | '_ | '_| | '_ \/ _` | \ \ \ \
 \\/  ___)| |_)| | | | | || (_| |  ) ) ) )
  '  |____| .__|_| |_|_| |_\__, | / / / /
 =========|_|==============|___/=/_/_/_/

 :: Spring Boot ::               (v3.4.11)

2025-11-11T17:55:08.531-05:00  INFO 3956 --- [FUTBOL] [           main] com.futbol.app.FutbolApplicationTests    : Starting FutbolApplicationTests using Java 24.0.2 with PID 3956 (started by Sara Rivera in C:\Users\Sara Rivera\git\repository\FUTBOL_SaraRivera)
2025-11-11T17:55:08.539-05:00  INFO 3956 --- [FUTBOL] [           main] com.futbol.app.FutbolApplicationTests    : No active profile set, falling back to 1 default profile: "default"
2025-11-11T17:55:10.688-05:00  INFO 3956 --- [FUTBOL] [           main] .s.d.r.c.RepositoryConfigurationDelegate : Bootstrapping Spring Data JPA repositories in DEFAULT mode.
2025-11-11T17:55:10.911-05:00  INFO 3956 --- [FUTBOL] [           main] .s.d.r.c.RepositoryConfigurationDelegate : Finished Spring Data repository scanning in 191 ms. Found 5 JPA repository interfaces.
2025-11-11T17:55:11.883-05:00  INFO 3956 --- [FUTBOL] [           main] o.hibernate.jpa.internal.util.LogHelper  : HHH000204: Processing PersistenceUnitInfo [name: default]
2025-11-11T17:55:12.112-05:00  INFO 3956 --- [FUTBOL] [           main] org.hibernate.Version                    : HHH000412: Hibernate ORM core version 6.6.33.Final
2025-11-11T17:55:12.232-05:00  INFO 3956 --- [FUTBOL] [           main] o.h.c.internal.RegionFactoryInitiator    : HHH000026: Second-level cache disabled
2025-11-11T17:55:13.554-05:00  INFO 3956 --- [FUTBOL] [           main] o.s.o.j.p.SpringPersistenceUnitInfo      : No LoadTimeWeaver setup: ignoring JPA class transformer
2025-11-11T17:55:13.700-05:00  INFO 3956 --- [FUTBOL] [           main] com.zaxxer.hikari.HikariDataSource       : HikariPool-1 - Starting...
2025-11-11T17:55:14.255-05:00  INFO 3956 --- [FUTBOL] [           main] com.zaxxer.hikari.pool.HikariPool        : HikariPool-1 - Added connection conn0: url=jdbc:h2:mem:testdb user=SARA
2025-11-11T17:55:14.258-05:00  INFO 3956 --- [FUTBOL] [           main] com.zaxxer.hikari.HikariDataSource       : HikariPool-1 - Start completed.
2025-11-11T17:55:14.333-05:00  WARN 3956 --- [FUTBOL] [           main] org.hibernate.orm.deprecation            : HHH90000025: H2Dialect does not need to be specified explicitly using 'hibernate.dialect' (remove the property setting and it will be selected by default)
2025-11-11T17:55:14.395-05:00  INFO 3956 --- [FUTBOL] [           main] org.hibernate.orm.connections.pooling    : HHH10001005: Database info:
	Database JDBC URL [Connecting through datasource 'HikariDataSource (HikariPool-1)']
	Database driver: undefined/unknown
	Database version: 2.3.232
	Autocommit mode: undefined/unknown
	Isolation level: undefined/unknown
	Minimum pool size: undefined/unknown
	Maximum pool size: undefined/unknown
2025-11-11T17:55:16.247-05:00  INFO 3956 --- [FUTBOL] [           main] o.h.e.t.j.p.i.JtaPlatformInitiator       : HHH000489: No JTA platform available (set 'hibernate.transaction.jta.platform' to enable JTA platform integration)
Hibernate: create table asociaciones (id bigint generated by default as identity, nombre varchar(255), pais varchar(255), presidente varchar(255), primary key (id))
Hibernate: create table clubes (id bigint generated by default as identity, ciudad varchar(255), nombre varchar(255), asociacion_id bigint, entrenador_id bigint, primary key (id))
Hibernate: create table clubes_competiciones (club_id bigint not null, competiciones_id bigint not null)
Hibernate: create table competiciones (id bigint generated by default as identity, fecha_fin date, fecha_inicio date, monto_premio integer not null, nombre varchar(255), primary key (id))
Hibernate: create table entrenadores (id bigint generated by default as identity, apellido varchar(255), edad integer not null, nacionalidad varchar(255), nombre varchar(255), primary key (id))
Hibernate: create table jugadores (id bigint generated by default as identity, apellido varchar(255), nombre varchar(255), numero integer not null, posicion varchar(255), club_id bigint, primary key (id))
Hibernate: alter table if exists clubes drop constraint if exists UK6gq7e1il2l0gbwes6ele61h0t
Hibernate: alter table if exists clubes add constraint UK6gq7e1il2l0gbwes6ele61h0t unique (entrenador_id)
Hibernate: alter table if exists clubes add constraint FKqo3djd5oghqqdc4lgbsbo2s5s foreign key (asociacion_id) references asociaciones
Hibernate: alter table if exists clubes add constraint FKsq1qkhct2xelr1wjuyrv8kn0t foreign key (entrenador_id) references entrenadores
Hibernate: alter table if exists clubes_competiciones add constraint FKs7ym2iw94wfxgq864pwwmnopb foreign key (competiciones_id) references competiciones
Hibernate: alter table if exists clubes_competiciones add constraint FKp1u3o8x69r2f5bx0vxynw4fjv foreign key (club_id) references clubes
Hibernate: alter table if exists jugadores add constraint FKnid2qofqk5xq26m8subsj87c9 foreign key (club_id) references clubes
2025-11-11T17:55:16.387-05:00  INFO 3956 --- [FUTBOL] [           main] j.LocalContainerEntityManagerFactoryBean : Initialized JPA EntityManagerFactory for persistence unit 'default'
2025-11-11T17:55:17.334-05:00  WARN 3956 --- [FUTBOL] [           main] JpaBaseConfiguration$JpaWebConfiguration : spring.jpa.open-in-view is enabled by default. Therefore, database queries may be performed during view rendering. Explicitly configure spring.jpa.open-in-view to disable this warning
2025-11-11T17:55:17.384-05:00  INFO 3956 --- [FUTBOL] [           main] o.s.b.a.w.s.WelcomePageHandlerMapping    : Adding welcome page template: index
2025-11-11T17:55:18.031-05:00  INFO 3956 --- [FUTBOL] [           main] o.s.b.a.h2.H2ConsoleAutoConfiguration    : H2 console available at '/h2-console'. Database available at 'jdbc:h2:mem:testdb'
2025-11-11T17:55:18.143-05:00  INFO 3956 --- [FUTBOL] [           main] com.futbol.app.FutbolApplicationTests    : Started FutbolApplicationTests in 10.54 seconds (process running for 12.864)
Hibernate: select count(*) from clubes c1_0
Hibernate: insert into entrenadores (apellido,edad,nacionalidad,nombre,id) values (?,?,?,?,default)
Hibernate: insert into entrenadores (apellido,edad,nacionalidad,nombre,id) values (?,?,?,?,default)
Hibernate: insert into entrenadores (apellido,edad,nacionalidad,nombre,id) values (?,?,?,?,default)
Hibernate: insert into entrenadores (apellido,edad,nacionalidad,nombre,id) values (?,?,?,?,default)
Hibernate: insert into entrenadores (apellido,edad,nacionalidad,nombre,id) values (?,?,?,?,default)
Hibernate: insert into entrenadores (apellido,edad,nacionalidad,nombre,id) values (?,?,?,?,default)
Hibernate: insert into entrenadores (apellido,edad,nacionalidad,nombre,id) values (?,?,?,?,default)
Hibernate: insert into asociaciones (nombre,pais,presidente,id) values (?,?,?,default)
Hibernate: insert into asociaciones (nombre,pais,presidente,id) values (?,?,?,default)
Hibernate: insert into asociaciones (nombre,pais,presidente,id) values (?,?,?,default)
Hibernate: insert into competiciones (fecha_fin,fecha_inicio,monto_premio,nombre,id) values (?,?,?,?,default)
Hibernate: insert into competiciones (fecha_fin,fecha_inicio,monto_premio,nombre,id) values (?,?,?,?,default)
Hibernate: insert into competiciones (fecha_fin,fecha_inicio,monto_premio,nombre,id) values (?,?,?,?,default)
Hibernate: insert into competiciones (fecha_fin,fecha_inicio,monto_premio,nombre,id) values (?,?,?,?,default)
Hibernate: insert into clubes (asociacion_id,ciudad,entrenador_id,nombre,id) values (?,?,?,?,default)
Hibernate: insert into clubes_competiciones (club_id,competiciones_id) values (?,?)
Hibernate: insert into clubes_competiciones (club_id,competiciones_id) values (?,?)
Hibernate: insert into clubes (asociacion_id,ciudad,entrenador_id,nombre,id) values (?,?,?,?,default)
Hibernate: insert into clubes_competiciones (club_id,competiciones_id) values (?,?)
Hibernate: insert into clubes (asociacion_id,ciudad,entrenador_id,nombre,id) values (?,?,?,?,default)
Hibernate: insert into clubes_competiciones (club_id,competiciones_id) values (?,?)
Hibernate: insert into clubes (asociacion_id,ciudad,entrenador_id,nombre,id) values (?,?,?,?,default)
Hibernate: insert into clubes_competiciones (club_id,competiciones_id) values (?,?)
Hibernate: insert into clubes (asociacion_id,ciudad,entrenador_id,nombre,id) values (?,?,?,?,default)
Hibernate: insert into clubes_competiciones (club_id,competiciones_id) values (?,?)
Hibernate: insert into clubes_competiciones (club_id,competiciones_id) values (?,?)
Hibernate: insert into jugadores (apellido,club_id,nombre,numero,posicion,id) values (?,?,?,?,?,default)
Hibernate: insert into jugadores (apellido,club_id,nombre,numero,posicion,id) values (?,?,?,?,?,default)
Hibernate: insert into jugadores (apellido,club_id,nombre,numero,posicion,id) values (?,?,?,?,?,default)
Hibernate: insert into jugadores (apellido,club_id,nombre,numero,posicion,id) values (?,?,?,?,?,default)
Hibernate: insert into jugadores (apellido,club_id,nombre,numero,posicion,id) values (?,?,?,?,?,default)
Hibernate: insert into jugadores (apellido,club_id,nombre,numero,posicion,id) values (?,?,?,?,?,default)
Hibernate: insert into jugadores (apellido,club_id,nombre,numero,posicion,id) values (?,?,?,?,?,default)
Hibernate: insert into jugadores (apellido,club_id,nombre,numero,posicion,id) values (?,?,?,?,?,default)
Hibernate: insert into jugadores (apellido,club_id,nombre,numero,posicion,id) values (?,?,?,?,?,default)
Hibernate: insert into jugadores (apellido,club_id,nombre,numero,posicion,id) values (?,?,?,?,?,default)
✅ Datos de ejemplo insertados correctamente.
]]></system-out>
    <system-err><![CDATA[Mockito is currently self-attaching to enable the inline-mock-maker. This will no longer work in future releases of the JDK. Please add Mockito as an agent to your build what is described in Mockito's documentation: https://javadoc.io/doc/org.mockito/mockito-core/latest/org/mockito/Mockito.html#0.3
WARNING: A Java agent has been loaded dynamically (C:\Users\Sara Rivera\.m2\repository\net\bytebuddy\byte-buddy-agent\1.15.11\byte-buddy-agent-1.15.11.jar)
WARNING: If a serviceability tool is in use, please run with -XX:+EnableDynamicAgentLoading to hide this warning
WARNING: If a serviceability tool is not in use, please run with -Djdk.instrument.traceUsage for more information
WARNING: Dynamic loading of agents will be disallowed by default in a future release
]]></system-err>
  </testcase>
</testsuite>