<?xml version="1.0" encoding="UTF-8"?>
<testsuite xmlns:xsi="http://www.w3.org/2001/XMLSchema-instance" xsi:noNamespaceSchemaLocation="https://maven.apache.org/surefire/maven-surefire-plugin/xsd/surefire-test-report.xsd" version="3.0.2" name="com.futbol.app.FutbolApplicationTests" time="5.596" tests="1" errors="0" skipped="0" failures="0">
  <properties>
[...]
</properties>
  <testcase name="contextLoads" classname="com.futbol.app.FutbolApplicationTests" time="0.807">
    <system-out><![CDATA[00:09:43.351 [main] INFO org.springframework.test.context.support.AnnotationConfigContextLoaderUtils -- Could not detect default configuration classes for test class [com.futbol.app.FutbolApplicationTests]: FutbolApplicationTests does not declare any static, non-private, non-final, nested classes annotated with @Configuration.
00:09:43.494 [main] INFO org.springframework.boot.test.context.SpringBootTestContextBootstrapper -- Found @SpringBootConfiguration com.futbol.app.FutbolApplication for test class com.futbol.app.FutbolApplicationTests
00:09:43.678 [main] INFO org.springframework.boot.devtools.restart.RestartApplicationListener -- Restart disabled due to context in which it is running

  .   ____          _            __ _ _
 /\\ / ___'_ __ _ _(_)_ __  __ _ \ \ \ \
( ( )\___ | '_ | '_| | '_ \/ _` | \ \ \ \
 \\/  ___)| |_)| | | | | || (_| |  ) ) ) )
  '  |____| .__|_| |_|_| |_\__, | / / / /
 =========|_|==============|___/=/_/_/_/

 :: Spring Boot ::               (v3.4.11)

2026-04-25T00:09:44.062-05:00  INFO 40336 --- [FUTBOL] [           main] com.futbol.app.FutbolApplicationTests    : Starting FutbolApplicationTests using Java 24.0.2 with PID 40336 (started by Sara Rivera in C:\Users\Sara Rivera\git\repository\FUTBOL_SaraRivera)
2026-04-25T00:09:44.064-05:00  INFO 40336 --- [FUTBOL] [           main] com.futbol.app.FutbolApplicationTests    : No active profile set, falling back to 1 default profile: "default"
2026-04-25T00:09:44.850-05:00  INFO 40336 --- [FUTBOL] [           main] .s.d.r.c.RepositoryConfigurationDelegate : Bootstrapping Spring Data MongoDB repositories in DEFAULT mode.
2026-04-25T00:09:44.923-05:00  INFO 40336 --- [FUTBOL] [           main] .s.d.r.c.RepositoryConfigurationDelegate : Finished Spring Data repository scanning in 66 ms. Found 5 MongoDB repository interfaces.
2026-04-25T00:09:45.488-05:00  INFO 40336 --- [FUTBOL] [           main] org.mongodb.driver.client                : MongoClient with metadata {"driver": {"name": "mongo-java-driver|sync|spring-boot", "version": "5.2.1"}, "os": {"type": "Windows", "name": "Windows 11", "architecture": "amd64", "version": "10.0"}, "platform": "Java/Oracle Corporation/24.0.2+12-54"} created with settings MongoClientSettings{readPreference=primary, writeConcern=WriteConcern{w=null, wTimeout=null ms, journal=null}, retryWrites=true, retryReads=true, readConcern=ReadConcern{level=null}, credential=MongoCredential{mechanism=null, userName='Sara', source='admin', password=<hidden>, mechanismProperties=<hidden>}, transportSettings=null, commandListeners=[], codecRegistry=ProvidersCodecRegistry{codecProviders=[ValueCodecProvider{}, BsonValueCodecProvider{}, DBRefCodecProvider{}, DBObjectCodecProvider{}, DocumentCodecProvider{}, CollectionCodecProvider{}, IterableCodecProvider{}, MapCodecProvider{}, GeoJsonCodecProvider{}, GridFSFileCodecProvider{}, Jsr310CodecProvider{}, JsonObjectCodecProvider{}, BsonCodecProvider{}, EnumCodecProvider{}, com.mongodb.client.model.mql.ExpressionCodecProvider@4a92c6a9, com.mongodb.Jep395RecordCodecProvider@5c9934da, com.mongodb.KotlinCodecProvider@4cb702ce]}, loggerSettings=LoggerSettings{maxDocumentLength=1000}, clusterSettings={hosts=[127.0.0.1:27017], srvHost=empresarialessara.vmeolxj.mongodb.net, srvServiceName=mongodb, mode=MULTIPLE, requiredClusterType=REPLICA_SET, requiredReplicaSetName='atlas-t4n4bv-shard-0', serverSelector='null', clusterListeners='[]', serverSelectionTimeout='30000 ms', localThreshold='15 ms'}, socketSettings=SocketSettings{connectTimeoutMS=10000, readTimeoutMS=0, receiveBufferSize=0, proxySettings=ProxySettings{host=null, port=null, username=null, password=null}}, heartbeatSocketSettings=SocketSettings{connectTimeoutMS=10000, readTimeoutMS=10000, receiveBufferSize=0, proxySettings=ProxySettings{host=null, port=null, username=null, password=null}}, connectionPoolSettings=ConnectionPoolSettings{maxSize=100, minSize=0, maxWaitTimeMS=120000, maxConnectionLifeTimeMS=0, maxConnectionIdleTimeMS=0, maintenanceInitialDelayMS=0, maintenanceFrequencyMS=60000, connectionPoolListeners=[], maxConnecting=2}, serverSettings=ServerSettings{heartbeatFrequencyMS=10000, minHeartbeatFrequencyMS=500, serverMonitoringMode=AUTO, serverListeners='[]', serverMonitorListeners='[]'}, sslSettings=SslSettings{enabled=true, invalidHostNameAllowed=false, context=null}, applicationName='null', compressorList=[], uuidRepresentation=JAVA_LEGACY, serverApi=null, autoEncryptionSettings=null, dnsClient=null, inetAddressResolver=null, contextProvider=null, timeoutMS=null}
2026-04-25T00:09:45.604-05:00  INFO 40336 --- [FUTBOL] [lxj.mongodb.net] org.mongodb.driver.cluster               : Adding discovered server ac-qbr71gf-shard-00-00.vmeolxj.mongodb.net:27017 to client view of cluster
2026-04-25T00:09:45.650-05:00  INFO 40336 --- [FUTBOL] [lxj.mongodb.net] org.mongodb.driver.cluster               : Adding discovered server ac-qbr71gf-shard-00-02.vmeolxj.mongodb.net:27017 to client view of cluster
2026-04-25T00:09:45.653-05:00  INFO 40336 --- [FUTBOL] [lxj.mongodb.net] org.mongodb.driver.cluster               : Adding discovered server ac-qbr71gf-shard-00-01.vmeolxj.mongodb.net:27017 to client view of cluster
2026-04-25T00:09:46.266-05:00  INFO 40336 --- [FUTBOL] [           main] o.s.b.a.w.s.WelcomePageHandlerMapping    : Adding welcome page template: index
2026-04-25T00:09:46.786-05:00  INFO 40336 --- [FUTBOL] [           main] com.futbol.app.FutbolApplicationTests    : Started FutbolApplicationTests in 3.129 seconds (process running for 4.287)
2026-04-25T00:09:46.792-05:00  INFO 40336 --- [FUTBOL] [ngodb.net:27017] org.mongodb.driver.cluster               : Monitor thread successfully connected to server with description ServerDescription{address=ac-qbr71gf-shard-00-00.vmeolxj.mongodb.net:27017, type=REPLICA_SET_SECONDARY, cryptd=false, state=CONNECTED, ok=true, minWireVersion=0, maxWireVersion=25, maxDocumentSize=16777216, logicalSessionTimeoutMinutes=30, roundTripTimeNanos=734806800, minRoundTripTimeNanos=0, setName='atlas-t4n4bv-shard-0', canonicalAddress=ac-qbr71gf-shard-00-00.vmeolxj.mongodb.net:27017, hosts=[ac-qbr71gf-shard-00-00.vmeolxj.mongodb.net:27017, ac-qbr71gf-shard-00-02.vmeolxj.mongodb.net:27017, ac-qbr71gf-shard-00-01.vmeolxj.mongodb.net:27017], passives=[], arbiters=[], primary='ac-qbr71gf-shard-00-01.vmeolxj.mongodb.net:27017', tagSet=TagSet{[Tag{name='availabilityZone', value='1'}, Tag{name='cacheState', value='READY'}, Tag{name='diskState', value='READY'}, Tag{name='nodeType', value='ELECTABLE'}, Tag{name='provider', value='AZURE'}, Tag{name='region', value='US_EAST_2'}, Tag{name='workloadType', value='OPERATIONAL'}]}, electionId=null, setVersion=31, topologyVersion=TopologyVersion{processId=69e7b3c2c829618710f76c51, counter=4}, lastWriteDate=Sat Apr 25 00:09:47 GMT-05:00 2026, lastUpdateTimeNanos=214392099572200}
2026-04-25T00:09:46.793-05:00  INFO 40336 --- [FUTBOL] [ngodb.net:27017] org.mongodb.driver.cluster               : Monitor thread successfully connected to server with description ServerDescription{address=ac-qbr71gf-shard-00-01.vmeolxj.mongodb.net:27017, type=REPLICA_SET_PRIMARY, cryptd=false, state=CONNECTED, ok=true, minWireVersion=0, maxWireVersion=25, maxDocumentSize=16777216, logicalSessionTimeoutMinutes=30, roundTripTimeNanos=734253000, minRoundTripTimeNanos=0, setName='atlas-t4n4bv-shard-0', canonicalAddress=ac-qbr71gf-shard-00-01.vmeolxj.mongodb.net:27017, hosts=[ac-qbr71gf-shard-00-00.vmeolxj.mongodb.net:27017, ac-qbr71gf-shard-00-02.vmeolxj.mongodb.net:27017, ac-qbr71gf-shard-00-01.vmeolxj.mongodb.net:27017], passives=[], arbiters=[], primary='ac-qbr71gf-shard-00-01.vmeolxj.mongodb.net:27017', tagSet=TagSet{[Tag{name='availabilityZone', value='2'}, Tag{name='cacheState', value='READY'}, Tag{name='diskState', value='READY'}, Tag{name='nodeType', value='ELECTABLE'}, Tag{name='provider', value='AZURE'}, Tag{name='region', value='US_EAST_2'}, Tag{name='workloadType', value='OPERATIONAL'}]}, electionId=7fffffff000000000000007d, setVersion=31, topologyVersion=TopologyVersion{processId=69e7b3f0837cadc183abf20a, counter=6}, lastWriteDate=Sat Apr 25 00:09:47 GMT-05:00 2026, lastUpdateTimeNanos=214392099050700}
2026-04-25T00:09:46.792-05:00  INFO 40336 --- [FUTBOL] [ngodb.net:27017] org.mongodb.driver.cluster               : Monitor thread successfully connected to server with description ServerDescription{address=ac-qbr71gf-shard-00-02.vmeolxj.mongodb.net:27017, type=REPLICA_SET_SECONDARY, cryptd=false, state=CONNECTED, ok=true, minWireVersion=0, maxWireVersion=25, maxDocumentSize=16777216, logicalSessionTimeoutMinutes=30, roundTripTimeNanos=733504000, minRoundTripTimeNanos=0, setName='atlas-t4n4bv-shard-0', canonicalAddress=ac-qbr71gf-shard-00-02.vmeolxj.mongodb.net:27017, hosts=[ac-qbr71gf-shard-00-00.vmeolxj.mongodb.net:27017, ac-qbr71gf-shard-00-02.vmeolxj.mongodb.net:27017, ac-qbr71gf-shard-00-01.vmeolxj.mongodb.net:27017], passives=[], arbiters=[], primary='ac-qbr71gf-shard-00-01.vmeolxj.mongodb.net:27017', tagSet=TagSet{[Tag{name='availabilityZone', value='3'}, Tag{name='cacheState', value='READY'}, Tag{name='diskState', value='READY'}, Tag{name='nodeType', value='ELECTABLE'}, Tag{name='provider', value='AZURE'}, Tag{name='region', value='US_EAST_2'}, Tag{name='workloadType', value='OPERATIONAL'}]}, electionId=null, setVersion=31, topologyVersion=TopologyVersion{processId=69e7b42088b4cfbde82b9553, counter=3}, lastWriteDate=Sat Apr 25 00:09:47 GMT-05:00 2026, lastUpdateTimeNanos=214392099631300}
2026-04-25T00:09:46.798-05:00  INFO 40336 --- [FUTBOL] [ngodb.net:27017] org.mongodb.driver.cluster               : Discovered replica set primary ac-qbr71gf-shard-00-01.vmeolxj.mongodb.net:27017 with max election id 7fffffff000000000000007d and max set version 31
]]></system-out>
    <system-err><![CDATA[Mockito is currently self-attaching to enable the inline-mock-maker. This will no longer work in future releases of the JDK. Please add Mockito as an agent to your build what is described in Mockito's documentation: https://javadoc.io/doc/org.mockito/mockito-core/latest/org/mockito/Mockito.html#0.3
WARNING: A Java agent has been loaded dynamically (C:\Users\Sara Rivera\.m2\repository\net\bytebuddy\byte-buddy-agent\1.15.11\byte-buddy-agent-1.15.11.jar)
WARNING: If a serviceability tool is in use, please run with -XX:+EnableDynamicAgentLoading to hide this warning
WARNING: If a serviceability tool is not in use, please run with -Djdk.instrument.traceUsage for more information
WARNING: Dynamic loading of agents will be disallowed by default in a future release
]]></system-err>
  </testcase>
</testsuite>